<?xml version="1.0" encoding="UTF-8"?>
<!-- Generated by org.testng.reporters.JUnitReportReporter -->
<testsuite skipped="0" hostname="AnilKumar" name="parameterization.parameterTest" tests="3" failures="0" timestamp="2023-02-02T13:18:03 IST" time="0.007" errors="0">
  <testcase name="doLogin" time="0.005" classname="parameterization.parameterTest"/>
  <system-out/>
  <testcase name="doLogin" time="0.001" classname="parameterization.parameterTest"/>
  <system-out/>
  <testcase name="doLogin" time="0.001" classname="parameterization.parameterTest"/>
  <system-out/>
</testsuite> <!-- parameterization.parameterTest -->
