<?xml version="1.0" encoding="UTF-8"?>
<!-- Generated by org.testng.reporters.JUnitReportReporter -->
<testsuite skipped="0" hostname="AnilKumar" name="parameterization.parameterTest" tests="3" failures="0" timestamp="2021-10-19T14:10:34 IST" time="0.010" errors="0">
  <testcase name="doLogin" time="0.007" classname="parameterization.parameterTest"/>
  <system-out/>
  <testcase name="doLogin" time="0.002" classname="parameterization.parameterTest"/>
  <system-out/>
  <testcase name="doLogin" time="0.001" classname="parameterization.parameterTest"/>
  <system-out/>
</testsuite> <!-- parameterization.parameterTest -->
