<?xml version="1.0" encoding="UTF-8"?>
<!-- Generated by org.testng.reporters.JUnitReportReporter -->
<testsuite skipped="1" hostname="AnilKumar" name="testNGLearning.forcefullySkipTest" tests="1" failures="0" timestamp="2021-10-19T14:15:06 IST" time="0.007" errors="0">
  <testcase name="skipTest" time="0.007" classname="testNGLearning.forcefullySkipTest">
    <skipped/>
  </testcase> <!-- skipTest -->
  <system-out/>
</testsuite> <!-- testNGLearning.forcefullySkipTest -->
