<?xml version="1.0" encoding="UTF-8"?>
<!-- Generated by org.testng.reporters.JUnitReportReporter -->
<testsuite skipped="1" hostname="AnilKumar" name="testNGLearning.forcefullySkipTest" tests="1" failures="0" timestamp="2023-02-02T13:49:04 IST" time="0.006" errors="0">
  <testcase name="skipTest" time="0.006" classname="testNGLearning.forcefullySkipTest">
    <skipped/>
  </testcase> <!-- skipTest -->
  <system-out/>
</testsuite> <!-- testNGLearning.forcefullySkipTest -->
