<?xml version="1.0" encoding="UTF-8"?>
<!-- Generated by org.testng.reporters.JUnitReportReporter -->
<testsuite hostname="IN-3SJWDK3" failures="0" tests="2" name="crowe.A$B" time="0.010" errors="0" timestamp="2024-06-09T09:40:30 IST" skipped="0">
  <testcase classname="crowe.A$B" name="t2" time="0.002"/>
  <system-out/>
  <testcase classname="crowe.A$B" name="t1" time="0.008"/>
  <system-out/>
</testsuite> <!-- crowe.A$B -->
