<?xml version="1.0" encoding="UTF-8"?>
<!-- Generated by org.testng.reporters.JUnitReportReporter -->
<testsuite skipped="0" hostname="AnilKumar" name="crowe.A" tests="1" failures="0" timestamp="2021-08-07T15:37:22 IST" time="0.005" errors="0">
  <testcase name="t1" time="0.005" classname="crowe.A"/>
  <system-out/>
</testsuite> <!-- crowe.A -->
