<?xml version="1.0" encoding="UTF-8"?>
<!-- Generated by org.testng.reporters.JUnitReportReporter -->
<testsuite skipped="0" hostname="AnilKumar" name="basicjavaprograms.A" tests="1" failures="0" timestamp="2022-05-27T19:55:52 IST" time="0.001" errors="0">
  <testcase name="A1" time="0.001" classname="basicjavaprograms.A"/>
  <system-out/>
</testsuite> <!-- basicjavaprograms.A -->
