<?xml version="1.0" encoding="UTF-8"?>
<!-- Generated by org.testng.reporters.JUnitReportReporter -->
<testsuite hostname="anilkumar06" name="demo.demoSelenuim" tests="1" failures="0" timestamp="30 Apr 2020 02:32:02 GMT" time="18.361" errors="0">
  <testcase name="demoTest" time="18.361" classname="demo.demoSelenuim"/>
</testsuite> <!-- demo.demoSelenuim -->
