<?xml version="1.0" encoding="UTF-8"?>
<!-- Generated by org.testng.reporters.JUnitReportReporter -->
<testsuite skipped="0" hostname="AnilKumar" name="basicjavaprograms.A$B" tests="3" failures="0" timestamp="2022-05-27T19:55:52 IST" time="0.009" errors="0">
  <testcase name="t2" time="0.002" classname="basicjavaprograms.A$B"/>
  <system-out/>
  <testcase name="A1" time="0.003" classname="basicjavaprograms.A$B"/>
  <system-out/>
  <testcase name="t1" time="0.004" classname="basicjavaprograms.A$B"/>
  <system-out/>
</testsuite> <!-- basicjavaprograms.A$B -->
