<?xml version="1.0" encoding="UTF-8"?>
<!-- Generated by org.testng.reporters.JUnitReportReporter -->
<testsuite hostname="anilkumar06" name="demo.webTables" tests="1" failures="0" timestamp="30 Apr 2020 15:47:54 GMT" time="55.279" errors="0">
  <testcase name="demoTest" time="55.279" classname="demo.webTables"/>
</testsuite> <!-- demo.webTables -->
