<?xml version="1.0" encoding="UTF-8"?>
<!-- Generated by org.testng.reporters.JUnitReportReporter -->
<testsuite skipped="1" hostname="AnilKumar" name="parameterization.parameterTestExcel" tests="1" failures="0" timestamp="2023-02-02T13:21:24 IST" time="0.000" errors="0">
  <testcase name="testData" time="0.000" classname="parameterization.parameterTestExcel">
    <skipped/>
  </testcase> <!-- testData -->
  <system-out/>
</testsuite> <!-- parameterization.parameterTestExcel -->
