<?xml version="1.0" encoding="UTF-8"?>
<!-- Generated by org.testng.reporters.JUnitReportReporter -->
<testsuite skipped="0" hostname="AnilKumar" name="demo.demoSelenuim" tests="1" failures="0" timestamp="2022-09-11T18:11:46 IST" time="3.153" errors="0">
  <testcase name="demoTest" time="3.153" classname="demo.demoSelenuim"/>
  <system-out/>
</testsuite> <!-- demo.demoSelenuim -->
