<?xml version="1.0" encoding="UTF-8"?>
<!-- Generated by org.testng.reporters.JUnitReportReporter -->
<testsuite hostname="anilkumar06" name="demo.javaScriptExecutor" tests="1" failures="0" timestamp="30 Apr 2020 10:22:53 GMT" time="18.993" errors="0">
  <testcase name="demoTest" time="18.993" classname="demo.javaScriptExecutor"/>
</testsuite> <!-- demo.javaScriptExecutor -->
